▲ Next.js 16.2.10 (Turbopack)
- Local:         http://localhost:3000
- Network:       http://10.6.10.84:3000
- Environments: .env.local
✓ Ready in 1250ms
⚠ The "middleware" file convention is deprecated. Please use "proxy" instead. Learn more: https://nextjs.org/docs/messages/middleware-to-proxy

○ Compiling /dashboard ...
 GET /dashboard 200 in 13.6s (next.js: 4.8s, proxy.ts: 318ms, application-code: 8.6s)
 POST /api/team/heartbeat 200 in 4.9s (next.js: 1243ms, application-code: 3.7s)
 GET /api/chat-interno/roster 200 in 5.0s (next.js: 2.4s, application-code: 2.6s)
 GET /api/reunioes/invite-notifications 200 in 2.5s (next.js: 1794ms, application-code: 685ms)
 POST /api/announcements/notifications/sync 200 in 2.4s (next.js: 1277ms, application-code: 1170ms)
 GET /api/reunioes 200 in 2.9s (next.js: 973ms, application-code: 1946ms)
 GET /api/kanban/boards 200 in 2.9s (next.js: 1478ms, application-code: 1394ms)
 GET /api/chat-interno/unread 200 in 793ms (next.js: 110ms, application-code: 683ms)
 GET /api/tickets 200 in 825ms (next.js: 346ms, application-code: 479ms)
 GET /api/chat-interno/calls/ringing 200 in 993ms (next.js: 226ms, application-code: 767ms)
 GET /api/extensions 200 in 591ms (next.js: 196ms, application-code: 394ms)
 GET /api/tickets/unread 200 in 599ms (next.js: 95ms, application-code: 505ms)
 GET /api/chat-interno/conversations 200 in 1444ms (next.js: 302ms, application-code: 1143ms)
 GET /api/chat-interno/roster 200 in 628ms (next.js: 23ms, application-code: 604ms)
 GET /api/system-notifications 200 in 828ms (next.js: 119ms, application-code: 710ms)
 GET /api/chat-interno/calls/ringing 200 in 698ms (next.js: 174ms, application-code: 524ms)
 GET /api/announcements 200 in 748ms (next.js: 154ms, application-code: 593ms)
 GET /api/chat-interno/calls/ringing 200 in 286ms (next.js: 25ms, application-code: 261ms)
 GET /api/chat-interno/unread 200 in 253ms (next.js: 8ms, application-code: 245ms)
 GET /api/reunioes 200 in 298ms (next.js: 15ms, application-code: 284ms)
 GET /api/chat-interno/conversations 200 in 374ms (next.js: 30ms, application-code: 344ms)
 GET / 307 in 289ms (next.js: 83ms, proxy.ts: 7ms, application-code: 198ms)
⨯ Error: 
    at getDashboardMetrics (lib\dashboard\server.ts:117:29)
    at async Page (app\(app)\dashboard\page.tsx:11:43)
  115 |     overdueInSectorNow,
  116 |   ]) {
> 117 |     if (result.error) throw new Error(result.error.message)
      |                             ^
  118 |   }
  119 |
  120 |   const completedThisMonthCount = completedThisMonth.count ?? 0 {
  digest: '1232510196'
}
 GET /dashboard 200 in 1208ms (next.js: 8ms, proxy.ts: 15ms, application-code: 1185ms)
 GET /api/chat-interno/calls/ringing 200 in 644ms (next.js: 186ms, application-code: 458ms)
 GET /api/chat-interno/calls/ringing 200 in 254ms (next.js: 6ms, application-code: 248ms)
 GET /api/chat-interno/calls/ringing 200 in 278ms (next.js: 5ms, application-code: 273ms)
 GET /api/reunioes/invite-notifications 200 in 295ms (next.js: 4ms, application-code: 292ms)
 GET /api/chat-interno/unread 200 in 191ms (next.js: 12ms, application-code: 180ms)
 GET /api/chat-interno/conversations 200 in 486ms (next.js: 6ms, application-code: 480ms)
 GET /api/reunioes 200 in 521ms (next.js: 4ms, application-code: 517ms)
 GET /api/team/presence 200 in 332ms (next.js: 100ms, application-code: 232ms)
 POST /api/team/heartbeat 200 in 464ms (next.js: 249ms, application-code: 215ms)
 POST /api/team/heartbeat 200 in 464ms (next.js: 177ms, application-code: 287ms)
 GET /api/chat-interno/calls/ringing 200 in 260ms (next.js: 3ms, application-code: 257ms)
[browser] Uncaught NotFoundError: Failed to execute 'releasePointerCapture' on 'Element': No active pointer with the given id is found.
    at <unknown> (file://C:/Users/15134/Documents/GitHub/mobile-teste/.next/dev/static/chunks/node_modules_next_dist_compiled_next-devtools_index_090k2jm.js:3826:7907)
    at p (file://C:/Users/15134/Documents/GitHub/mobile-teste/.next/dev/static/chunks/node_modules_next_dist_compiled_next-devtools_index_090k2jm.js:3826:9791)
 GET /chat-interno 200 in 378ms (next.js: 201ms, proxy.ts: 10ms, application-code: 167ms)
 GET /chat-interno/bate-papo 200 in 582ms (next.js: 273ms, proxy.ts: 11ms, application-code: 297ms)
 GET /chat-interno/bate-papo 200 in 183ms (next.js: 13ms, proxy.ts: 12ms, application-code: 157ms)
 GET /api/chat-interno/roster 200 in 727ms (next.js: 7ms, application-code: 721ms)
 GET /api/tickets 200 in 672ms (next.js: 6ms, application-code: 665ms)
 GET /api/tickets/unread 200 in 670ms (next.js: 318ms, application-code: 353ms)
 GET /api/chat-interno/roster 200 in 211ms (next.js: 4ms, application-code: 207ms)
 GET /api/chat-interno/calls/ringing 200 in 399ms (next.js: 6ms, application-code: 393ms)
 GET /api/chat-interno/roster 200 in 324ms (next.js: 9ms, application-code: 315ms)
 GET /api/chat-interno/roster 200 in 233ms (next.js: 14ms, application-code: 219ms)
 GET /api/chat-interno/roster 200 in 207ms (next.js: 17ms, application-code: 190ms)
 GET /api/chat-interno/roster 200 in 189ms (next.js: 7ms, application-code: 182ms)
[browser] Uncaught NotFoundError: Failed to execute 'releasePointerCapture' on 'Element': No active pointer with the given id is found.
    at <unknown> (file://C:/Users/15134/Documents/GitHub/mobile-teste/.next/dev/static/chunks/node_modules_next_dist_compiled_next-devtools_index_090k2jm.js:3826:7907)
    at p (file://C:/Users/15134/Documents/GitHub/mobile-teste/.next/dev/static/chunks/node_modules_next_dist_compiled_next-devtools_index_090k2jm.js:3826:9791)
 GET /api/chat-interno/roster 200 in 224ms (next.js: 19ms, application-code: 204ms)
 GET /api/chat-interno/roster 200 in 199ms (next.js: 11ms, application-code: 187ms)
 GET /api/chat-interno/roster 200 in 191ms (next.js: 5ms, application-code: 186ms)
 GET /api/chat-interno/roster 200 in 168ms (next.js: 7ms, application-code: 161ms)
[browser] Uncaught NotFoundError: Failed to execute 'releasePointerCapture' on 'Element': No active pointer with the given id is found.
    at <unknown> (file://C:/Users/15134/Documents/GitHub/mobile-teste/.next/dev/static/chunks/node_modules_next_dist_compiled_next-devtools_index_090k2jm.js:3826:7907)
    at p (file://C:/Users/15134/Documents/GitHub/mobile-teste/.next/dev/static/chunks/node_modules_next_dist_compiled_next-devtools_index_090k2jm.js:3826:9791)
 GET /api/chat-interno/roster 200 in 206ms (next.js: 5ms, application-code: 202ms)
[browser] Uncaught NotFoundError: Failed to execute 'releasePointerCapture' on 'Element': No active pointer with the given id is found.
    at <unknown> (file://C:/Users/15134/Documents/GitHub/mobile-teste/.next/dev/static/chunks/node_modules_next_dist_compiled_next-devtools_index_090k2jm.js:3826:7907)
    at p (file://C:/Users/15134/Documents/GitHub/mobile-teste/.next/dev/static/chunks/node_modules_next_dist_compiled_next-devtools_index_090k2jm.js:3826:9791)
 GET /api/chat-interno/roster 200 in 253ms (next.js: 25ms, application-code: 228ms)
 GET /api/chat-interno/roster 200 in 264ms (next.js: 86ms, application-code: 179ms)
 GET /api/chat-interno/roster 200 in 269ms (next.js: 39ms, application-code: 229ms)
 GET /api/chat-interno/unread 200 in 238ms (next.js: 17ms, application-code: 221ms)
 GET /api/chat-interno/calls/ringing 200 in 347ms (next.js: 32ms, application-code: 314ms)
 GET /api/chat-interno/conversations 200 in 452ms (next.js: 10ms, application-code: 442ms)
 GET /api/chat-interno/roster 200 in 376ms (next.js: 14ms, application-code: 362ms)
 GET /api/reunioes 200 in 462ms (next.js: 40ms, application-code: 422ms)
 GET /api/chat-interno/roster 200 in 181ms (next.js: 16ms, application-code: 165ms)
 GET /api/chat-interno/roster 200 in 166ms (next.js: 5ms, application-code: 160ms)
 GET /api/chat-interno/roster 200 in 175ms (next.js: 5ms, application-code: 170ms)
 GET /api/chat-interno/roster 200 in 196ms (next.js: 6ms, application-code: 190ms)
[browser] Uncaught NotFoundError: Failed to execute 'releasePointerCapture' on 'Element': No active pointer with the given id is found.
    at <unknown> (file://C:/Users/15134/Documents/GitHub/mobile-teste/.next/dev/static/chunks/node_modules_next_dist_compiled_next-devtools_index_090k2jm.js:3826:7907)
    at p (file://C:/Users/15134/Documents/GitHub/mobile-teste/.next/dev/static/chunks/node_modules_next_dist_compiled_next-devtools_index_090k2jm.js:3826:9791)
 GET /api/chat-interno/roster 200 in 217ms (next.js: 5ms, application-code: 212ms)
[browser] Uncaught NotFoundError: Failed to execute 'releasePointerCapture' on 'Element': No active pointer with the given id is found.
    at <unknown> (file://C:/Users/15134/Documents/GitHub/mobile-teste/.next/dev/static/chunks/node_modules_next_dist_compiled_next-devtools_index_090k2jm.js:3826:7907)
    at p (file://C:/Users/15134/Documents/GitHub/mobile-teste/.next/dev/static/chunks/node_modules_next_dist_compiled_next-devtools_index_090k2jm.js:3826:9791)
 GET /api/chat-interno/calls/ringing 200 in 231ms (next.js: 6ms, application-code: 225ms)
[browser] Uncaught NotFoundError: Failed to execute 'releasePointerCapture' on 'Element': No active pointer with the given id is found.
    at <unknown> (file://C:/Users/15134/Documents/GitHub/mobile-teste/.next/dev/static/chunks/node_modules_next_dist_compiled_next-devtools_index_090k2jm.js:3826:7907)
    at p (file://C:/Users/15134/Documents/GitHub/mobile-teste/.next/dev/static/chunks/node_modules_next_dist_compiled_next-devtools_index_090k2jm.js:3826:9791)
[browser] Uncaught NotFoundError: Failed to execute 'releasePointerCapture' on 'Element': No active pointer with the given id is found.
    at <unknown> (file://C:/Users/15134/Documents/GitHub/mobile-teste/.next/dev/static/chunks/node_modules_next_dist_compiled_next-devtools_index_090k2jm.js:3826:7907)
    at p (file://C:/Users/15134/Documents/GitHub/mobile-teste/.next/dev/static/chunks/node_modules_next_dist_compiled_next-devtools_index_090k2jm.js:3826:9791)
 POST /api/team/heartbeat 200 in 277ms (next.js: 3ms, application-code: 274ms)
 GET /api/reunioes/invite-notifications 200 in 244ms (next.js: 19ms, application-code: 225ms)
 GET /api/chat-interno/calls/ringing 200 in 280ms (next.js: 9ms, application-code: 271ms)
 GET /api/kanban/boards 200 in 338ms (next.js: 23ms, application-code: 315ms)
 GET /api/chat-interno/unread 200 in 183ms (next.js: 11ms, application-code: 173ms)
 GET /api/reunioes 200 in 278ms (next.js: 4ms, application-code: 275ms)
 GET /api/chat-interno/conversations 200 in 416ms (next.js: 5ms, application-code: 411ms)
 GET /api/chat-interno/roster 200 in 212ms (next.js: 7ms, application-code: 205ms)
 GET /api/chat-interno/calls/ringing 200 in 281ms (next.js: 9ms, application-code: 272ms)
 GET /api/chat-interno/roster 200 in 186ms (next.js: 15ms, application-code: 171ms)
 GET /api/chat-interno/roster 200 in 193ms (next.js: 10ms, application-code: 183ms)
 GET /api/chat-interno/roster 200 in 197ms (next.js: 16ms, application-code: 181ms)
 GET /api/chat-interno/roster 200 in 194ms (next.js: 9ms, application-code: 185ms)
 GET /api/chat-interno/roster 200 in 261ms (next.js: 4ms, application-code: 257ms)
 GET /api/chat-interno/roster 200 in 214ms (next.js: 4ms, application-code: 210ms)
 GET /api/chat-interno/roster 200 in 176ms (next.js: 9ms, application-code: 167ms)
 GET /api/chat-interno/calls/ringing 200 in 242ms (next.js: 4ms, application-code: 238ms)
 GET /api/chat-interno/calls/ringing 200 in 279ms (next.js: 6ms, application-code: 274ms)
 GET /api/tickets/unread 200 in 228ms (next.js: 8ms, application-code: 220ms)
 GET /api/tickets 200 in 254ms (next.js: 4ms, application-code: 250ms)
 GET /api/chat-interno/unread 200 in 335ms (next.js: 15ms, application-code: 320ms)
 GET /api/reunioes 200 in 361ms (next.js: 16ms, application-code: 345ms)
 GET /api/chat-interno/conversations 200 in 387ms (next.js: 5ms, application-code: 382ms)
 GET /chat-interno/bate-papo 200 in 435ms (next.js: 12ms, proxy.ts: 8ms, application-code: 414ms)
 POST /api/team/heartbeat 200 in 270ms (next.js: 5ms, application-code: 265ms)
 GET /api/chat-interno/roster 200 in 288ms (next.js: 14ms, application-code: 273ms)
 GET /api/reunioes/invite-notifications 200 in 301ms (next.js: 49ms, application-code: 251ms)
 POST /api/announcements/notifications/sync 200 in 491ms (next.js: 41ms, application-code: 449ms)
 GET /api/kanban/boards 200 in 500ms (next.js: 49ms, application-code: 451ms)
 GET /api/reunioes 200 in 542ms (next.js: 30ms, application-code: 512ms)
 GET /api/extensions 200 in 524ms (next.js: 10ms, application-code: 514ms)
 GET /api/system-notifications 200 in 540ms (next.js: 25ms, application-code: 514ms)
 GET /api/chat-interno/unread 200 in 384ms (next.js: 37ms, application-code: 348ms)
 GET /api/tickets 200 in 234ms (next.js: 29ms, application-code: 205ms)
 GET /api/tickets/unread 200 in 214ms (next.js: 3ms, application-code: 211ms)
 GET /api/chat-interno/roster 200 in 198ms (next.js: 3ms, application-code: 195ms)
 GET /api/chat-interno/conversations 200 in 710ms (next.js: 8ms, application-code: 702ms)
 GET /api/chat-interno/calls/ringing 200 in 453ms (next.js: 156ms, application-code: 298ms)
 GET /api/announcements 200 in 242ms (next.js: 5ms, application-code: 237ms)
 GET /api/chat-interno/roster 200 in 164ms (next.js: 3ms, application-code: 160ms)
 GET /api/chat-interno/roster 200 in 165ms (next.js: 4ms, application-code: 162ms)
 GET /api/chat-interno/roster 200 in 191ms (next.js: 4ms, application-code: 187ms)
 GET /api/chat-interno/roster 200 in 202ms (next.js: 5ms, application-code: 197ms)
 GET /api/chat-interno/calls/ringing 200 in 286ms (next.js: 6ms, application-code: 281ms)
 GET /api/chat-interno/calls/ringing 200 in 866ms (next.js: 54ms, application-code: 812ms)
 GET /api/chat-interno/roster 200 in 1276ms (next.js: 11ms, application-code: 1265ms)
 GET /api/reunioes 200 in 1350ms (next.js: 111ms, application-code: 1239ms)
 GET /api/chat-interno/unread 200 in 1362ms (next.js: 170ms, application-code: 1192ms)
 GET /api/chat-interno/conversations 200 in 1491ms (next.js: 83ms, application-code: 1408ms)
 POST /api/team/heartbeat 200 in 380ms (next.js: 61ms, application-code: 319ms)
 GET /api/chat-interno/calls/ringing 200 in 924ms (next.js: 58ms, application-code: 866ms)
 GET /api/chat-interno/roster 200 in 247ms (next.js: 5ms, application-code: 242ms)
 GET /api/chat-interno/roster 200 in 158ms (next.js: 4ms, application-code: 154ms)
 GET /api/chat-interno/roster 200 in 172ms (next.js: 4ms, application-code: 168ms)
 GET /api/chat-interno/roster 200 in 208ms (next.js: 9ms, application-code: 200ms)
 GET /api/chat-interno/roster 200 in 166ms (next.js: 7ms, application-code: 160ms)
 GET /api/chat-interno/calls/ringing 200 in 254ms (next.js: 12ms, application-code: 242ms)
 GET /api/chat-interno/calls/ringing 200 in 325ms (next.js: 6ms, application-code: 319ms)
 GET /api/reunioes/invite-notifications 200 in 328ms (next.js: 16ms, application-code: 312ms)
 GET /api/chat-interno/unread 200 in 218ms (next.js: 6ms, application-code: 212ms)
 GET /api/chat-interno/conversations 200 in 418ms (next.js: 9ms, application-code: 409ms)
 GET /api/reunioes 200 in 416ms (next.js: 12ms, application-code: 404ms)
 GET /dashboard 200 in 1108ms (next.js: 7ms, proxy.ts: 10ms, application-code: 1091ms)
 GET /api/chat-interno/calls/ringing 200 in 267ms (next.js: 34ms, application-code: 233ms)
 GET /atendimentos 200 in 422ms (next.js: 107ms, proxy.ts: 9ms, application-code: 307ms)
 GET /api/tickets/unread 200 in 254ms (next.js: 5ms, application-code: 248ms)
 GET /api/tickets 200 in 306ms (next.js: 17ms, application-code: 289ms)
 GET /atendimentos/meus-chamados 200 in 264ms (next.js: 65ms, proxy.ts: 6ms, application-code: 193ms)
 GET /atendimentos/meus-chamados 200 in 156ms (next.js: 45ms, proxy.ts: 15ms, application-code: 96ms)
 GET /api/chat-interno/calls/ringing 200 in 341ms (next.js: 18ms, application-code: 323ms)
 GET /api/tickets/staff?sector=SP-Suporte%20T%C3%A9cnico 200 in 235ms (next.js: 65ms, application-code: 171ms)
 GET /api/tickets/staff?sector=SP-Suporte%20T%C3%A9cnico 200 in 178ms (next.js: 3ms, application-code: 174ms)
 GET /api/chat-interno/unread 200 in 234ms (next.js: 15ms, application-code: 219ms)
 GET /api/chat-interno/calls/ringing 200 in 397ms (next.js: 17ms, application-code: 380ms)
 GET /api/chat-interno/conversations 200 in 454ms (next.js: 8ms, application-code: 446ms)
 GET /api/reunioes 200 in 433ms (next.js: 11ms, application-code: 423ms)
 GET /dashboard 200 in 383ms (next.js: 8ms, proxy.ts: 7ms, application-code: 368ms)
 GET /atendimentos/criar 200 in 180ms (next.js: 94ms, proxy.ts: 8ms, application-code: 78ms)
 GET /api/chat-interno/calls/ringing 200 in 252ms (next.js: 3ms, application-code: 250ms)
 POST /api/team/heartbeat 200 in 247ms (next.js: 4ms, application-code: 244ms)
 GET /api/reunioes/invite-notifications 200 in 242ms (next.js: 10ms, application-code: 232ms)
 GET /kanban 200 in 232ms (next.js: 119ms, proxy.ts: 7ms, application-code: 107ms)
 GET /api/chat-interno/calls/ringing 200 in 507ms (next.js: 5ms, application-code: 502ms)
 GET /api/kanban/boards 200 in 510ms (next.js: 11ms, application-code: 499ms)
 GET /api/chat-interno/unread 200 in 158ms (next.js: 10ms, application-code: 149ms)
 GET /api/reunioes 200 in 242ms (next.js: 2ms, application-code: 240ms)
 GET /api/chat-interno/conversations 200 in 325ms (next.js: 5ms, application-code: 320ms)
 GET /dashboard 200 in 424ms (next.js: 5ms, proxy.ts: 4ms, application-code: 414ms)
 GET /api/chat-interno/calls/ringing 200 in 324ms (next.js: 3ms, application-code: 321ms)
 GET /api/chat-interno/calls/ringing 200 in 243ms (next.js: 10ms, application-code: 234ms)
 GET /api/chat-interno/calls/ringing 200 in 220ms (next.js: 5ms, application-code: 215ms)
 GET /api/chat-interno/unread 200 in 260ms (next.js: 7ms, application-code: 252ms)
 GET /api/tickets 200 in 250ms (next.js: 16ms, application-code: 234ms)
 GET /api/tickets/unread 200 in 313ms (next.js: 8ms, application-code: 305ms)
 GET /api/reunioes 200 in 361ms (next.js: 5ms, application-code: 356ms)
 GET /api/chat-interno/conversations 200 in 504ms (next.js: 6ms, application-code: 499ms)
 GET /api/chat-interno/calls/ringing 200 in 253ms (next.js: 3ms, application-code: 249ms)
 GET /api/chat-interno/calls/ringing 200 in 232ms (next.js: 5ms, application-code: 227ms)
 GET /api/reunioes/invite-notifications 200 in 241ms (next.js: 4ms, application-code: 238ms)
 GET /api/chat-interno/unread 200 in 171ms (next.js: 11ms, application-code: 161ms)
 GET /api/chat-interno/calls/ringing 200 in 281ms (next.js: 5ms, application-code: 276ms)
 GET /api/reunioes 200 in 365ms (next.js: 10ms, application-code: 355ms)
 GET /api/chat-interno/conversations 200 in 425ms (next.js: 18ms, application-code: 407ms)
 GET /api/team/presence 200 in 179ms (next.js: 5ms, application-code: 174ms)
 GET /api/chat-interno/calls/ringing 200 in 246ms (next.js: 2ms, application-code: 244ms)
 GET /api/chat-interno/calls/ringing 200 in 230ms (next.js: 3ms, application-code: 227ms)
 GET /api/chat-interno/unread 200 in 341ms (next.js: 11ms, application-code: 330ms)
 GET /api/chat-interno/conversations 200 in 388ms (next.js: 4ms, application-code: 384ms)
 GET /api/reunioes 200 in 400ms (next.js: 10ms, application-code: 391ms)
 GET /api/chat-interno/calls/ringing 200 in 223ms (next.js: 5ms, application-code: 218ms)
 GET /atividades-setor 200 in 258ms (next.js: 63ms, proxy.ts: 7ms, application-code: 189ms)
 GET /api/chat-interno/roster 200 in 940ms (next.js: 4ms, application-code: 936ms)
 GET /api/atividades-setor/tasks 200 in 886ms (next.js: 332ms, application-code: 553ms)
 GET /api/atividades-setor/activities 200 in 894ms (next.js: 614ms, application-code: 280ms)
 POST /api/team/heartbeat 200 in 202ms (next.js: 6ms, application-code: 196ms)
 GET /api/system-notifications 200 in 254ms (next.js: 3ms, application-code: 251ms)
 POST /api/announcements/notifications/sync 200 in 355ms (next.js: 16ms, application-code: 339ms)
 GET /api/reunioes/invite-notifications 200 in 196ms (next.js: 14ms, application-code: 182ms)
 POST /api/atividades-setor/notifications/sync 200 in 1246ms (next.js: 331ms, application-code: 916ms)
 GET /api/chat-interno/calls/ringing 200 in 292ms (next.js: 11ms, application-code: 281ms)
 GET /api/kanban/boards 200 in 288ms (next.js: 10ms, application-code: 278ms)
 GET /api/tickets 200 in 209ms (next.js: 5ms, application-code: 204ms)
 GET /api/tickets/unread 200 in 204ms (next.js: 5ms, application-code: 199ms)
 GET /api/chat-interno/roster 200 in 205ms (next.js: 3ms, application-code: 202ms)
 GET /api/announcements 200 in 248ms (next.js: 15ms, application-code: 233ms)
 GET /api/chat-interno/roster 200 in 196ms (next.js: 4ms, application-code: 192ms)
 GET /api/chat-interno/roster 200 in 183ms (next.js: 3ms, application-code: 180ms)
 GET /api/chat-interno/roster 200 in 199ms (next.js: 4ms, application-code: 195ms)
 GET /api/chat-interno/roster 200 in 232ms (next.js: 6ms, application-code: 226ms)
 GET /dashboard 200 in 452ms (next.js: 7ms, proxy.ts: 7ms, application-code: 438ms)
 GET /relatorios 200 in 536ms (next.js: 80ms, proxy.ts: 6ms, application-code: 450ms)
 GET /api/chat-interno/calls/ringing 200 in 663ms (next.js: 10ms, application-code: 652ms)
 GET /api/chat-interno/unread 200 in 189ms (next.js: 9ms, application-code: 180ms)
 GET /api/chat-interno/conversations 200 in 423ms (next.js: 27ms, application-code: 396ms)
 GET /api/reunioes 200 in 403ms (next.js: 3ms, application-code: 400ms)
 GET /dashboard 200 in 398ms (next.js: 7ms, proxy.ts: 7ms, application-code: 385ms)
 GET /api/chat-interno/calls/ringing 200 in 309ms (next.js: 5ms, application-code: 304ms)
 GET /perfil 200 in 113ms (next.js: 68ms, proxy.ts: 6ms, application-code: 39ms)
 GET /api/team/members 200 in 154ms (next.js: 88ms, application-code: 67ms)
 GET /api/team/members 200 in 87ms (next.js: 6ms, application-code: 81ms)
 GET /api/chat-interno/calls/ringing 200 in 244ms (next.js: 5ms, application-code: 240ms)
 POST /api/team/heartbeat 200 in 195ms (next.js: 5ms, application-code: 190ms)
 GET /api/chat-interno/unread 200 in 301ms (next.js: 27ms, application-code: 273ms)
 GET /api/chat-interno/calls/ringing 200 in 345ms (next.js: 16ms, application-code: 329ms)
 GET /api/chat-interno/conversations 200 in 416ms (next.js: 7ms, application-code: 409ms)
 GET /api/reunioes 200 in 438ms (next.js: 6ms, application-code: 432ms)
 GET /api/reunioes/invite-notifications 200 in 230ms (next.js: 19ms, application-code: 211ms)
 GET /api/chat-interno/calls/ringing 200 in 286ms (next.js: 6ms, application-code: 281ms)
 GET /api/chat-interno/calls/ringing 200 in 261ms (next.js: 4ms, application-code: 256ms)
 GET /api/chat-interno/unread 200 in 310ms (next.js: 12ms, application-code: 298ms)
 GET /api/tickets/unread 200 in 319ms (next.js: 12ms, application-code: 308ms)
 GET /api/chat-interno/conversations 200 in 363ms (next.js: 8ms, application-code: 355ms)
 GET /api/tickets 200 in 334ms (next.js: 8ms, application-code: 327ms)
 GET /api/reunioes 200 in 352ms (next.js: 3ms, application-code: 349ms)
 GET /api/chat-interno/calls/ringing 200 in 231ms (next.js: 3ms, application-code: 228ms)
 GET /api/chat-interno/calls/ringing 200 in 239ms (next.js: 5ms, application-code: 234ms)
 GET /api/team/presence 200 in 183ms (next.js: 5ms, application-code: 178ms)
 GET /api/chat-interno/calls/ringing 200 in 270ms (next.js: 6ms, application-code: 265ms)
 GET /api/chat-interno/unread 200 in 216ms (next.js: 27ms, application-code: 189ms)
 GET /api/reunioes 200 in 399ms (next.js: 38ms, application-code: 361ms)
 GET /api/chat-interno/conversations 200 in 423ms (next.js: 13ms, application-code: 410ms)
 POST /api/team/heartbeat 200 in 219ms (next.js: 6ms, application-code: 213ms)
 GET /api/reunioes/invite-notifications 200 in 226ms (next.js: 9ms, application-code: 217ms)
 GET /api/chat-interno/calls/ringing 200 in 291ms (next.js: 5ms, application-code: 286ms)
 GET /api/kanban/boards 200 in 284ms (next.js: 15ms, application-code: 269ms)
 GET /api/chat-interno/calls/ringing 200 in 449ms (next.js: 10ms, application-code: 439ms)
 GET /api/chat-interno/calls/ringing 200 in 337ms (next.js: 19ms, application-code: 318ms)
 GET /api/chat-interno/unread 200 in 379ms (next.js: 12ms, application-code: 366ms)
 GET /api/reunioes 200 in 381ms (next.js: 15ms, application-code: 367ms)
 GET /api/chat-interno/conversations 200 in 428ms (next.js: 6ms, application-code: 422ms)
 GET /api/chat-interno/calls/ringing 200 in 259ms (next.js: 5ms, application-code: 255ms)
 GET /api/team/presence 200 in 233ms (next.js: 5ms, application-code: 229ms)
 GET /api/tickets 200 in 325ms (next.js: 15ms, application-code: 310ms)
 GET /api/tickets/unread 200 in 327ms (next.js: 29ms, application-code: 298ms)
 GET /api/chat-interno/calls/ringing 200 in 247ms (next.js: 5ms, application-code: 242ms)
 GET /api/chat-interno/unread 200 in 206ms (next.js: 11ms, application-code: 195ms)
 GET /api/reunioes 200 in 394ms (next.js: 14ms, application-code: 380ms)
 GET /api/chat-interno/conversations 200 in 420ms (next.js: 6ms, application-code: 414ms)
 GET /api/reunioes/invite-notifications 200 in 219ms (next.js: 12ms, application-code: 207ms)
 GET /api/chat-interno/calls/ringing 200 in 268ms (next.js: 7ms, application-code: 261ms)
 GET /api/chat-interno/calls/ringing 200 in 325ms (next.js: 7ms, application-code: 318ms)
 GET /api/chat-interno/calls/ringing 200 in 252ms (next.js: 9ms, application-code: 243ms)
 GET /api/chat-interno/unread 200 in 295ms (next.js: 4ms, application-code: 291ms)
 GET /api/chat-interno/conversations 200 in 369ms (next.js: 13ms, application-code: 355ms)
 GET /api/reunioes 200 in 381ms (next.js: 6ms, application-code: 375ms)
 GET /api/chat-interno/calls/ringing 200 in 220ms (next.js: 3ms, application-code: 216ms)
 GET /api/team/presence 200 in 197ms (next.js: 4ms, application-code: 193ms)
 GET /api/chat-interno/calls/ringing 200 in 270ms (next.js: 8ms, application-code: 262ms)
 POST /api/team/heartbeat 200 in 193ms (next.js: 5ms, application-code: 188ms)
 GET /api/chat-interno/unread 200 in 264ms (next.js: 17ms, application-code: 246ms)
 GET /api/chat-interno/calls/ringing 200 in 298ms (next.js: 10ms, application-code: 287ms)
 GET /api/system-notifications 200 in 323ms (next.js: 6ms, application-code: 317ms)
 GET /api/reunioes/invite-notifications 200 in 199ms (next.js: 2ms, application-code: 197ms)
 GET /api/chat-interno/conversations 200 in 455ms (next.js: 9ms, application-code: 446ms)
 GET /api/reunioes 200 in 466ms (next.js: 15ms, application-code: 451ms)
 GET /api/tickets 200 in 176ms (next.js: 4ms, application-code: 173ms)
 GET /api/kanban/boards 200 in 258ms (next.js: 3ms, application-code: 255ms)
 GET /api/tickets/unread 200 in 210ms (next.js: 5ms, application-code: 205ms)
 POST /api/announcements/notifications/sync 200 in 288ms (next.js: 5ms, application-code: 282ms)
 GET /api/announcements 200 in 250ms (next.js: 4ms, application-code: 246ms)
 GET /api/chat-interno/calls/ringing 200 in 267ms (next.js: 5ms, application-code: 262ms)
 GET /api/chat-interno/calls/ringing 200 in 277ms (next.js: 5ms, application-code: 272ms)
 GET /api/chat-interno/unread 200 in 268ms (next.js: 6ms, application-code: 262ms)
 GET /api/chat-interno/conversations 200 in 434ms (next.js: 5ms, application-code: 429ms)
 GET /api/reunioes 200 in 435ms (next.js: 8ms, application-code: 427ms)
 GET /api/chat-interno/calls/ringing 200 in 231ms (next.js: 6ms, application-code: 225ms)
 GET /api/team/presence 200 in 210ms (next.js: 11ms, application-code: 199ms)
 GET /api/chat-interno/calls/ringing 200 in 247ms (next.js: 11ms, application-code: 237ms)
 GET /api/chat-interno/calls/ringing 200 in 227ms (next.js: 4ms, application-code: 223ms)
 GET /api/reunioes/invite-notifications 200 in 242ms (next.js: 6ms, application-code: 236ms)
 GET /api/chat-interno/unread 200 in 203ms (next.js: 15ms, application-code: 188ms)
 GET /api/chat-interno/conversations 200 in 347ms (next.js: 10ms, application-code: 337ms)
 GET /api/reunioes 200 in 362ms (next.js: 3ms, application-code: 359ms)
 GET /api/chat-interno/calls/ringing 200 in 225ms (next.js: 6ms, application-code: 219ms)
 GET /api/tickets 200 in 184ms (next.js: 5ms, application-code: 179ms)
 GET /api/tickets/unread 200 in 196ms (next.js: 11ms, application-code: 186ms)
 GET /api/chat-interno/calls/ringing 200 in 249ms (next.js: 3ms, application-code: 246ms)
 GET /api/chat-interno/unread 200 in 191ms (next.js: 11ms, application-code: 179ms)
 GET /api/chat-interno/calls/ringing 200 in 302ms (next.js: 4ms, application-code: 298ms)
 GET /api/chat-interno/conversations 200 in 369ms (next.js: 7ms, application-code: 362ms)
 GET /api/reunioes 200 in 410ms (next.js: 9ms, application-code: 401ms)
 GET /api/team/presence 200 in 174ms (next.js: 3ms, application-code: 170ms)
 GET /api/chat-interno/calls/ringing 200 in 241ms (next.js: 2ms, application-code: 239ms)
 POST /api/team/heartbeat 200 in 198ms (next.js: 5ms, application-code: 193ms)
 GET /api/reunioes/invite-notifications 200 in 231ms (next.js: 9ms, application-code: 223ms)
 GET /api/chat-interno/calls/ringing 200 in 295ms (next.js: 5ms, application-code: 290ms)
 GET /api/kanban/boards 200 in 320ms (next.js: 9ms, application-code: 311ms)
 GET /api/chat-interno/unread 200 in 181ms (next.js: 9ms, application-code: 172ms)
 GET /api/reunioes 200 in 322ms (next.js: 15ms, application-code: 306ms)
 GET /api/chat-interno/conversations 200 in 387ms (next.js: 5ms, application-code: 381ms)
 GET /api/chat-interno/calls/ringing 200 in 211ms (next.js: 5ms, application-code: 206ms)
 GET /api/chat-interno/calls/ringing 200 in 208ms (next.js: 2ms, application-code: 206ms)
 GET /api/chat-interno/calls/ringing 200 in 285ms (next.js: 2ms, application-code: 283ms)
 GET /api/team/presence 200 in 241ms (next.js: 7ms, application-code: 234ms)
 GET /api/chat-interno/unread 200 in 267ms (next.js: 9ms, application-code: 258ms)
 GET /api/tickets 200 in 269ms (next.js: 7ms, application-code: 263ms)
 GET /api/tickets/unread 200 in 299ms (next.js: 11ms, application-code: 288ms)
 GET /api/reunioes 200 in 411ms (next.js: 7ms, application-code: 404ms)
 GET /api/chat-interno/conversations 200 in 501ms (next.js: 4ms, application-code: 497ms)
 GET /api/chat-interno/calls/ringing 200 in 251ms (next.js: 9ms, application-code: 241ms)
 GET /api/chat-interno/calls/ringing 200 in 250ms (next.js: 5ms, application-code: 245ms)
 GET /api/reunioes/invite-notifications 200 in 264ms (next.js: 14ms, application-code: 249ms)
 POST /api/team/heartbeat 200 in 250ms (next.js: 12ms, application-code: 238ms)
 GET /api/system-notifications 200 in 330ms (next.js: 33ms, application-code: 297ms)
 POST /api/announcements/notifications/sync 200 in 357ms (next.js: 26ms, application-code: 330ms)
 GET /api/kanban/boards 200 in 342ms (next.js: 13ms, application-code: 329ms)
 GET /api/announcements 200 in 1070ms (next.js: 2ms, application-code: 1067ms)
 GET /api/chat-interno/unread 200 in 244ms (next.js: 20ms, application-code: 224ms)
 GET /api/chat-interno/calls/ringing 200 in 287ms (next.js: 31ms, application-code: 256ms)
 GET /api/team/presence 200 in 258ms (next.js: 14ms, application-code: 244ms)
 GET /api/reunioes 200 in 358ms (next.js: 14ms, application-code: 344ms)
 GET /api/chat-interno/conversations 200 in 397ms (next.js: 10ms, application-code: 386ms)
 GET /api/reunioes/invite-notifications 200 in 369ms (next.js: 21ms, application-code: 348ms)
 GET /api/tickets 200 in 171ms (next.js: 3ms, application-code: 168ms)
 GET /api/tickets/unread 200 in 181ms (next.js: 6ms, application-code: 175ms)
